#
# There is insufficient memory for the Java Runtime Environment to continue.
# Native memory allocation (malloc) failed to allocate 1038576 bytes for Chunk::new
# Possible reasons:
#   The system is out of physical RAM or swap space
#   In 32 bit mode, the process size limit was hit
# Possible solutions:
#   Reduce memory load on the system
#   Increase physical memory or swap space
#   Check if swap backing store is full
#   Use 64 bit Java on a 64 bit OS
#   Decrease Java heap size (-Xmx/-Xms)
#   Decrease number of Java threads
#   Decrease Java thread stack sizes (-Xss)
#   Set larger code cache with -XX:ReservedCodeCacheSize=
# This output file may be truncated or incomplete.
#
#  Out of Memory Error (allocation.cpp:323), pid=5196, tid=1772
#
# JRE version: Java(TM) SE Runtime Environment (7.0_79-b15) (build 1.7.0_79-b15)
# Java VM: Java HotSpot(TM) 64-Bit Server VM (24.79-b02 mixed mode windows-amd64 compressed oops)
# Failed to write core dump. Minidumps are not enabled by default on client versions of Windows
#

---------------  T H R E A D  ---------------

Current thread (0x0000000008500800):  JavaThread "C2 CompilerThread0" daemon [_thread_in_native, id=1772, stack(0x0000000009db0000,0x0000000009eb0000)]

Stack: [0x0000000009db0000,0x0000000009eb0000]
[error occurred during error reporting (printing stack bounds), id 0xc0000005]


[error occurred during error reporting (printing native stack), id 0xc0000005]


Current CompileTask:
C2:    799  330             com.android.dx.merge.DexMerger::transformMethods (126 bytes)


---------------  P R O C E S S  ---------------

Java Threads: ( => current thread )
  0x0000000008515000 JavaThread "Service Thread" daemon [_thread_blocked, id=2344, stack(0x0000000009ec0000,0x0000000009fc0000)]
  0x0000000008513800 JavaThread "C2 CompilerThread1" daemon [_thread_blocked, id=4572, stack(0x0000000009400000,0x0000000009500000)]
=>0x0000000008500800 JavaThread "C2 CompilerThread0" daemon [_thread_in_native, id=1772, stack(0x0000000009db0000,0x0000000009eb0000)]
  0x00000000084fd000 JavaThread "Attach Listener" daemon [_thread_blocked, id=6740, stack(0x0000000009b90000,0x0000000009c90000)]
  0x00000000084f8000 JavaThread "Signal Dispatcher" daemon [_thread_blocked, id=4412, stack(0x0000000009a80000,0x0000000009b80000)]
  0x00000000084a6800 JavaThread "Finalizer" daemon [_thread_blocked, id=5944, stack(0x0000000009810000,0x0000000009910000)]
  0x000000000849f800 JavaThread "Reference Handler" daemon [_thread_blocked, id=6808, stack(0x00000000096a0000,0x00000000097a0000)]
  0x000000000208f000 JavaThread "main" [_thread_in_Java, id=7716, stack(0x0000000002250000,0x0000000002350000)]

Other Threads:
  0x000000000849b800 VMThread [stack: 0x0000000009520000,0x0000000009620000] [id=4112]
  0x000000000851e000 WatcherThread [stack: 0x0000000009930000,0x0000000009a30000] [id=7512]

VM state:not at safepoint (normal execution)

VM Mutex/Monitor currently owned by a thread: None

Heap
 PSYoungGen      total 38400K, used 32888K [0x00000000eaa80000, 0x00000000ed500000, 0x0000000100000000)
  eden space 33280K, 83% used [0x00000000eaa80000,0x00000000ec5a0298,0x00000000ecb00000)
  from space 5120K, 99% used [0x00000000ecb00000,0x00000000ecffdf90,0x00000000ed000000)
  to   space 5120K, 0% used [0x00000000ed000000,0x00000000ed000000,0x00000000ed500000)
 ParOldGen       total 87040K, used 3258K [0x00000000c0000000, 0x00000000c5500000, 0x00000000eaa80000)
  object space 87040K, 3% used [0x00000000c0000000,0x00000000c032e9c0,0x00000000c5500000)
 PSPermGen       total 21504K, used 6764K [0x00000000bae00000, 0x00000000bc300000, 0x00000000c0000000)
  object space 21504K, 31% used [0x00000000bae00000,0x00000000bb49b230,0x00000000bc300000)

Card table byte_map: [0x00000000053f0000,0x0000000005620000] byte_map_base: 0x0000000004e19000

Polling page: 0x0000000001c60000

Code Cache  [0x00000000023f0000, 0x0000000002660000, 0x00000000053f0000)
 total_blobs=593 nmethods=334 adapters=211 free_code_cache=48269Kb largest_free_block=49405248

Compilation events (10 events):
Event: 0.783 Thread 0x0000000008513800  331             com.android.dx.io.instructions.InstructionCodec$13::decode (43 bytes)
Event: 0.784 Thread 0x0000000008513800 nmethod 331 0x00000000024cd390 code [0x00000000024cd4e0, 0x00000000024cd6b8]
Event: 0.784 Thread 0x0000000008513800  332             com.android.dx.io.instructions.InstructionCodec$13::encode (22 bytes)
Event: 0.785 Thread 0x0000000008513800 nmethod 332 0x00000000024ccd90 code [0x00000000024ccee0, 0x00000000024cd078]
Event: 0.786 Thread 0x0000000008513800  333             com.android.dx.io.instructions.DecodedInstruction::getTarget (7 bytes)
Event: 0.786 Thread 0x0000000008513800 nmethod 333 0x00000000024ceed0 code [0x00000000024cf000, 0x00000000024cf058]
Event: 0.790 Thread 0x0000000008513800  334             com.android.dx.io.instructions.DecodedInstruction::getB (2 bytes)
Event: 0.790 Thread 0x0000000008513800 nmethod 334 0x00000000024c4310 code [0x00000000024c4440, 0x00000000024c4498]
Event: 0.794 Thread 0x0000000008513800  335             com.android.dx.io.instructions.OneRegisterDecodedInstruction::getRegisterCount (2 bytes)
Event: 0.794 Thread 0x0000000008513800 nmethod 335 0x00000000024c40d0 code [0x00000000024c4200, 0x00000000024c4258]

GC Heap History (2 events):
Event: 0.594 GC heap before
{Heap before GC invocations=1 (full 0):
 PSYoungGen      total 38400K, used 33280K [0x00000000eaa80000, 0x00000000ed500000, 0x0000000100000000)
  eden space 33280K, 100% used [0x00000000eaa80000,0x00000000ecb00000,0x00000000ecb00000)
  from space 5120K, 0% used [0x00000000ed000000,0x00000000ed000000,0x00000000ed500000)
  to   space 5120K, 0% used [0x00000000ecb00000,0x00000000ecb00000,0x00000000ed000000)
 ParOldGen       total 87040K, used 0K [0x00000000c0000000, 0x00000000c5500000, 0x00000000eaa80000)
  object space 87040K, 0% used [0x00000000c0000000,0x00000000c0000000,0x00000000c5500000)
 PSPermGen       total 21504K, used 6705K [0x00000000bae00000, 0x00000000bc300000, 0x00000000c0000000)
  object space 21504K, 31% used [0x00000000bae00000,0x00000000bb48c690,0x00000000bc300000)
Event: 0.598 GC heap after
Heap after GC invocations=1 (full 0):
 PSYoungGen      total 38400K, used 5111K [0x00000000eaa80000, 0x00000000ed500000, 0x0000000100000000)
  eden space 33280K, 0% used [0x00000000eaa80000,0x00000000eaa80000,0x00000000ecb00000)
  from space 5120K, 99% used [0x00000000ecb00000,0x00000000ecffdf90,0x00000000ed000000)
  to   space 5120K, 0% used [0x00000000ed000000,0x00000000ed000000,0x00000000ed500000)
 ParOldGen       total 87040K, used 3258K [0x00000000c0000000, 0x00000000c5500000, 0x00000000eaa80000)
  object space 87040K, 3% used [0x00000000c0000000,0x00000000c032e9c0,0x00000000c5500000)
 PSPermGen       total 21504K, used 6705K [0x00000000bae00000, 0x00000000bc300000, 0x00000000c0000000)
  object space 21504K, 31% used [0x00000000bae00000,0x00000000bb48c690,0x00000000bc300000)
}

Deoptimization events (1 events):
Event: 0.548 Thread 0x000000000208f000 Uncommon trap: reason=predicate action=maybe_recompile pc=0x000000000248f38c method=com.android.dex.Leb128.readUnsignedLeb128(Lcom/android/dex/util/ByteInput;)I @ 41

Internal exceptions (10 events):
Event: 0.477 Thread 0x000000000208f000 Threw 0x00000000ec54eb90 at C:\re\jdk7u79\2331\hotspot\src\share\vm\prims\jvm.cpp:1304
Event: 0.477 Thread 0x000000000208f000 Threw 0x00000000ec551cc8 at C:\re\jdk7u79\2331\hotspot\src\share\vm\prims\jvm.cpp:1304
Event: 0.477 Thread 0x000000000208f000 Threw 0x00000000ec554ee0 at C:\re\jdk7u79\2331\hotspot\src\share\vm\prims\jvm.cpp:1304
Event: 0.478 Thread 0x000000000208f000 Threw 0x00000000ec5588e0 at C:\re\jdk7u79\2331\hotspot\src\share\vm\prims\jvm.cpp:1304
Event: 0.479 Thread 0x000000000208f000 Threw 0x00000000ec55b800 at C:\re\jdk7u79\2331\hotspot\src\share\vm\prims\jvm.cpp:1304
Event: 0.479 Thread 0x000000000208f000 Threw 0x00000000ec55e8e0 at C:\re\jdk7u79\2331\hotspot\src\share\vm\prims\jvm.cpp:1304
Event: 0.479 Thread 0x000000000208f000 Threw 0x00000000ec561dd8 at C:\re\jdk7u79\2331\hotspot\src\share\vm\prims\jvm.cpp:1304
Event: 0.481 Thread 0x000000000208f000 Threw 0x00000000ec5a93a0 at C:\re\jdk7u79\2331\hotspot\src\share\vm\prims\jvm.cpp:1304
Event: 0.481 Thread 0x000000000208f000 Threw 0x00000000ec5ab630 at C:\re\jdk7u79\2331\hotspot\src\share\vm\prims\jvm.cpp:1304
Event: 0.736 Thread 0x000000000208f000 Threw 0x00000000eb9e4018 at C:\re\jdk7u79\2331\hotspot\src\share\vm\prims\jvm.cpp:1304

Events (10 events):
Event: 0.494 loading class 0x000000000a93a0f0 done
Event: 0.548 Thread 0x000000000208f000 Uncommon trap: trap_request=0xffffff86 fr.pc=0x000000000248f38c
Event: 0.548 Thread 0x000000000208f000 DEOPT PACKING pc=0x000000000248f38c sp=0x000000000234f110
Event: 0.548 Thread 0x000000000208f000 DEOPT UNPACKING pc=0x00000000024275a4 sp=0x000000000234f0b8 mode 2
Event: 0.593 Executing VM operation: ParallelGCFailedAllocation
Event: 0.599 Executing VM operation: ParallelGCFailedAllocation done
Event: 0.736 loading class 0x000000000a111890
Event: 0.736 loading class 0x000000000a111890 done
Event: 0.773 loading class 0x0000000002139e90
Event: 0.773 loading class 0x0000000002139e90 done


Dynamic libraries:
0x000000013fff0000 - 0x0000000140023000 	C:\Program Files\Java\jdk1.7.0_79\bin\java.exe
0x00000000770a0000 - 0x0000000077249000 	C:\Windows\SYSTEM32\ntdll.dll
0x0000000076e80000 - 0x0000000076f9f000 	C:\Windows\system32\kernel32.dll
0x000007fefcf70000 - 0x000007fefcfdc000 	C:\Windows\system32\KERNELBASE.dll
0x000007fefd210000 - 0x000007fefd2eb000 	C:\Windows\system32\ADVAPI32.dll
0x000007fefecd0000 - 0x000007fefed6f000 	C:\Windows\system32\msvcrt.dll
0x000007fefed70000 - 0x000007fefed8f000 	C:\Windows\SYSTEM32\sechost.dll
0x000007fefe970000 - 0x000007fefea9d000 	C:\Windows\system32\RPCRT4.dll
0x0000000076fa0000 - 0x000000007709a000 	C:\Windows\system32\USER32.dll
0x000007feff340000 - 0x000007feff3a7000 	C:\Windows\system32\GDI32.dll
0x000007fefedb0000 - 0x000007fefedbe000 	C:\Windows\system32\LPK.dll
0x000007feff210000 - 0x000007feff2d9000 	C:\Windows\system32\USP10.dll
0x000007fefb770000 - 0x000007fefb964000 	C:\Windows\WinSxS\amd64_microsoft.windows.common-controls_6595b64144ccf1df_6.0.7601.18837_none_fa3b1e3d17594757\COMCTL32.dll
0x000007fefe470000 - 0x000007fefe4e1000 	C:\Windows\system32\SHLWAPI.dll
0x000007fefd610000 - 0x000007fefd63e000 	C:\Windows\system32\IMM32.DLL
0x000007feff100000 - 0x000007feff209000 	C:\Windows\system32\MSCTF.dll
0x0000000068d90000 - 0x0000000068e62000 	C:\Program Files\Java\jdk1.7.0_79\jre\bin\msvcr100.dll
0x00000000685b0000 - 0x0000000068d85000 	C:\Program Files\Java\jdk1.7.0_79\jre\bin\server\jvm.dll
0x000007fef6ee0000 - 0x000007fef6ee9000 	C:\Windows\system32\WSOCK32.dll
0x000007fefd2f0000 - 0x000007fefd33d000 	C:\Windows\system32\WS2_32.dll
0x000007fefe8e0000 - 0x000007fefe8e8000 	C:\Windows\system32\NSI.dll
0x000007fef9210000 - 0x000007fef924b000 	C:\Windows\system32\WINMM.dll
0x0000000077270000 - 0x0000000077277000 	C:\Windows\system32\PSAPI.DLL
0x0000000070510000 - 0x000000007051f000 	C:\Program Files\Java\jdk1.7.0_79\jre\bin\verify.dll
0x0000000068580000 - 0x00000000685a8000 	C:\Program Files\Java\jdk1.7.0_79\jre\bin\java.dll
0x000000006ccf0000 - 0x000000006cd05000 	C:\Program Files\Java\jdk1.7.0_79\jre\bin\zip.dll
0x0000000068560000 - 0x000000006857a000 	C:\Program Files\Java\jdk1.7.0_79\jre\bin\net.dll
0x000007fefc5f0000 - 0x000007fefc645000 	C:\Windows\system32\mswsock.dll
0x000007fefc5e0000 - 0x000007fefc5e7000 	C:\Windows\System32\wship6.dll
0x0000000068540000 - 0x0000000068551000 	C:\Program Files\Java\jdk1.7.0_79\jre\bin\nio.dll

VM Arguments:
jvm_args: -Xmx1024M -Dfile.encoding=windows-1252 -Duser.country=US -Duser.language=en -Duser.variant 
java_command: com.android.dx.command.Main --dex --num-threads=4 --output C:\Users\Christen\Documents\GitHub\SpotifyStreamer\app\build\intermediates\dex\debug C:\Users\Christen\Documents\GitHub\SpotifyStreamer\app\build\intermediates\classes\debug C:\Users\Christen\Documents\GitHub\SpotifyStreamer\app\build\intermediates\pre-dexed\debug\support-annotations-22.2.0-89342e99e991b358eedc3549b3b9b43886efc6eb.jar C:\Users\Christen\Documents\GitHub\SpotifyStreamer\app\build\intermediates\pre-dexed\debug\classes-233a9bdd30ae137a23a12daf8fad451b1851ed80.jar C:\Users\Christen\Documents\GitHub\SpotifyStreamer\app\build\intermediates\pre-dexed\debug\okio-1.2.0-d1d706aba4b5d7ba437290585779283622000395.jar C:\Users\Christen\Documents\GitHub\SpotifyStreamer\app\build\intermediates\pre-dexed\debug\retrofit-1.9.0-39be2552b6caf62a88f90dc18d77aa11666dbc3a.jar C:\Users\Christen\Documents\GitHub\SpotifyStreamer\app\build\intermediates\pre-dexed\debug\picasso-2.5.2-f6cad1a0bf8dbcbb098c633811504e4afa8b998d.jar C:\Users\Christen\Documents\GitHub\SpotifyStreamer\app\build\intermediates\pre-dexed\debug\gson-2.3.1-da128594ad1eca2cf2fbab0db78d7e37a6bd0ff6.jar C:\Users\Christen\Documents\GitHub\SpotifyStreamer\app\build\intermediates\pre-dexed\debug\internal_impl-22.2.0-7ed576bafb76d3779b9fc5fa84efc8f676903fba.jar C:\Users\Christen\Documents\GitHub\SpotifyStreamer\app\build\intermediates\pre-dexed\debug\okhttp-2.2.0-d951f90de6f1e98aa17cba4490188169edb85e9b.jar C:\Users\Christen\Documents\GitHub\SpotifyStreamer\app\build\intermediates\pre-dexed\debug\jacocoagent-870a5922b0ea2dbfba1ed41ff121a87031373c79.jar C:\Users\Christen\Documents\GitHub\SpotifyStreamer\app\build\intermediates\pre-dexed\debug\classes-9ecdf6768fd56e04295ca0138182312968085750.jar C:\Users\Christen\Documents\GitHub\SpotifyStreamer\app\build\intermediates\pre-dexed\debug\classes-9fd092fa903eb6801a0873d4f67a00b03448a5ad.jar
Launcher Type: SUN_STANDARD

Environment Variables:
PATH=C:\Program Files\Common Files\Microsoft Shared\Windows Live;C:\Program Files (x86)\NVIDIA Corporation\PhysX\Common;C:\ProgramData\Oracle\Java\javapath;C:\Program Files (x86)\Intel\iCLS Client\;C:\Program Files\Intel\iCLS Client\;C:\Windows\system32;C:\Windows;C:\Windows\System32\Wbem;C:\Windows\System32\WindowsPowerShell\v1.0\;C:\Program Files\Intel\Intel(R) Management Engine Components\DAL;C:\Program Files\Intel\Intel(R) Management Engine Components\IPT;C:\Program Files (x86)\Intel\Intel(R) Management Engine Components\DAL;C:\Program Files (x86)\Intel\Intel(R) Management Engine Components\IPT;C:\Program Files (x86)\QuickTime\QTSystem\;C:\Program Files\Common Files\Microsoft Shared\Windows Live;C:\Users\Christen\AppData\Local\Android\sdk\platform-tools
USERNAME=Christen
OS=Windows_NT
PROCESSOR_IDENTIFIER=Intel64 Family 6 Model 58 Stepping 9, GenuineIntel



---------------  S Y S T E M  ---------------

OS: Windows 7 , 64 bit Build 7601 Service Pack 1

CPU:total 4 (4 cores per cpu, 1 threads per core) family 6 model 58 stepping 9, cmov, cx8, fxsr, mmx, sse, sse2, sse3, ssse3, sse4.1, sse4.2, popcnt, avx, aes, erms, tsc, tscinvbit, tscinv

Memory: 4k page, physical 8352812k(2110176k free), swap 8350976k(5320k free)

vm_info: Java HotSpot(TM) 64-Bit Server VM (24.79-b02) for windows-amd64 JRE (1.7.0_79-b15), built on Apr 10 2015 12:36:16 by "java_re" with unknown MS VC++:1600

time: Sun Jun 28 18:49:17 2015
elapsed time: 0 seconds

